<?xml version="1.0" encoding="UTF-8"?>
<!-- Generated by org.testng.reporters.JUnitXMLReporter -->
<testsuite ignored="0" hostname="DESKTOP-1ICBAAR" failures="2" tests="2" name="Login Features" time="9.685" errors="0" timestamp="2024-11-30T11:09:23 IST">
  <testcase classname="tests.LoginTest" name="loginWithValidCredentials" time="0.011">
    <failure type="java.lang.Error" message="Unresolved compilation problems: 
	The constructor BasePage(WebDriver) is undefined
	driver cannot be resolved
	driver cannot be resolved to a variable
	driver cannot be resolved to a variable
	driver cannot be resolved to a variable
">
      <![CDATA[java.lang.Error: Unresolved compilation problems: 
The constructor BasePage(WebDriver) is undefined
driver cannot be resolved
driver cannot be resolved to a variable
driver cannot be resolved to a variable
driver cannot be resolved to a variable

at pages.LoginPage.<init>(LoginPage.java:33)
at tests.LoginTest.loginWithValidCredentials(LoginTest.java:40)
at java.base/java.util.ArrayList.forEach(ArrayList.java:1597)
at java.base/java.util.concurrent.FutureTask.run(FutureTask.java:317)
at java.base/java.util.concurrent.ThreadPoolExecutor.runWorker(ThreadPoolExecutor.java:1144)
at java.base/java.util.concurrent.ThreadPoolExecutor$Worker.run(ThreadPoolExecutor.java:642)
at java.base/java.lang.Thread.run(Thread.java:1575)
... Removed 15 stack frames]]>
    </failure>
  </testcase> <!-- loginWithValidCredentials -->
  <testcase classname="tests.LogOutTest" name="testInvalidUsername" time="0.003">
    <failure type="java.lang.Error" message="Unresolved compilation problems: 
	The constructor BasePage(WebDriver) is undefined
	driver cannot be resolved
	driver cannot be resolved to a variable
	driver cannot be resolved to a variable
	driver cannot be resolved to a variable
">
      <![CDATA[java.lang.Error: Unresolved compilation problems: 
The constructor BasePage(WebDriver) is undefined
driver cannot be resolved
driver cannot be resolved to a variable
driver cannot be resolved to a variable
driver cannot be resolved to a variable

at pages.LogOutPage.<init>(LogOutPage.java:33)
at tests.LogOutTest.testInvalidUsername(LogOutTest.java:38)
at java.base/java.util.ArrayList.forEach(ArrayList.java:1597)
at java.base/java.util.concurrent.FutureTask.run(FutureTask.java:317)
at java.base/java.util.concurrent.ThreadPoolExecutor.runWorker(ThreadPoolExecutor.java:1144)
at java.base/java.util.concurrent.ThreadPoolExecutor$Worker.run(ThreadPoolExecutor.java:642)
at java.base/java.lang.Thread.run(Thread.java:1575)
... Removed 15 stack frames]]>
    </failure>
  </testcase> <!-- testInvalidUsername -->
</testsuite> <!-- Login Features -->
